-------------------------------------------------------------------------------
Test set: in.redbus.testscripts.BookTicketTest
-------------------------------------------------------------------------------
Tests run: 1, Failures: 1, Errors: 0, Skipped: 0, Time elapsed: 6.628 s <<< FAILURE! - in in.redbus.testscripts.BookTicketTest
bookTicket(in.redbus.testscripts.BookTicketTest)  Time elapsed: 0.01 s  <<< FAILURE!
java.lang.NullPointerException: Cannot invoke "org.openqa.selenium.WebElement.click()" because "this.mobiles" is null
	at in.redbus.testscripts.BookTicketTest.bookTicket(BookTicketTest.java:31)

